<?xml version="1.0" encoding="UTF-8"?>
<!-- Generated by org.testng.reporters.JUnitReportReporter -->
<testsuite hostname="TST-LENOVO-LAPTOP-202203-0121" failures="0" tests="1" name="Testscript.Sample" time="7.987" errors="0" timestamp="2023-05-24T21:04:26 IST" skipped="0">
  <testcase classname="Testscript.Sample" name="test" time="7.987"/>
  <system-out/>
</testsuite> <!-- Testscript.Sample -->
